2015-04-29 22:28:38
Import start

Неверная таксономия
Failed to import shop_order_status cancelled
Неверная таксономия
Failed to import shop_order_status completed
Неверная таксономия
Failed to import shop_order_status failed
Неверная таксономия
Failed to import shop_order_status on-hold
Неверная таксономия
Failed to import shop_order_status pending
Неверная таксономия
Failed to import shop_order_status processing
Неверная таксономия
Failed to import shop_order_status refunded
2015-04-29 22:29:55

Import end

2015-04-29 22:30:30
Importing process are finish. Our Congratulations!

